C:\Program Files (x86)\Microsoft Visual Studio\2019\Community\MSBuild\Microsoft\VC\v160\Microsoft.CppBuild.targets(513,5): warning MSB8028: The intermediate directory (x64\Release\) contains files shared from another project (refo_v2.vcxproj).  This can lead to incorrect clean and rebuild behavior.
  main.cpp
C:\Users\Nerd\Desktop\Protections\refo_v2\main\main.cpp(72,1): warning C4005: '_WIN32_WINNT': macro redefinition
C:\Program Files (x86)\Windows Kits\10\Include\10.0.22000.0\shared\sdkddkver.h(223): message : see previous definition of '_WIN32_WINNT'
  intel_driver.cpp
  kdmapper.cpp
  portable_executable.cpp
  service.cpp
  utils.cpp
  protectmain.cpp
  print.cpp
  Generating code
  Previous IPDB not found, fall back to full compilation.
  All 914 functions were compiled because no usable IPDB/IOBJ from previous compilation was found.
  Finished generating code
library_x64.lib(auth.obj) : warning LNK4099: PDB '' was not found with 'library_x64.lib(auth.obj)' or at ''; linking object as if no debug info
library_x64.lib(hmac_sha256.obj) : warning LNK4099: PDB 'library_x64.pdb' was not found with 'library_x64.lib(hmac_sha256.obj)' or at 'C:\Users\Nerd\Desktop\Protections\x64\Release\library_x64.pdb'; linking object as if no debug info
library_x64.lib(sha256.obj) : warning LNK4099: PDB 'library_x64.pdb' was not found with 'library_x64.lib(sha256.obj)' or at 'C:\Users\Nerd\Desktop\Protections\x64\Release\library_x64.pdb'; linking object as if no debug info
library_x64.lib(utils.obj) : warning LNK4099: PDB 'library_x64.pdb' was not found with 'library_x64.lib(utils.obj)' or at 'C:\Users\Nerd\Desktop\Protections\x64\Release\library_x64.pdb'; linking object as if no debug info
  refo_v2.vcxproj -> C:\Users\Nerd\Desktop\Protections\x64\Release\Protections.exe
